Using pre-set license
Built from '2020.3/staging' branch; Version is '2020.3.26f1 (7298b473bc1a) revision 7510196'; Using compiler version '192528614'; Build Type 'Release'
OS: 'Windows 10  (10.0.19042) 64bit Core' Language: 'en' Physical Memory: 7778 MB
BatchMode: 1, IsHumanControllingUs: 0, StartBugReporterOnCrash: 0, Is64bit: 1, IsPro: 0

COMMAND LINE ARGUMENTS:
C:\Program Files\Unity\Hub\Editor\2020.3.26f1\Editor\Unity.exe
-adb2
-batchMode
-noUpm
-name
AssetImportWorker0
-projectPath
C:/Users/cuted/Documents/GitHub/Puzzle_Game/MissionDemolition-Unity
-logFile
Logs/AssetImportWorker0.log
-srvPort
63807
Successfully changed project path to: C:/Users/cuted/Documents/GitHub/Puzzle_Game/MissionDemolition-Unity
C:/Users/cuted/Documents/GitHub/Puzzle_Game/MissionDemolition-Unity
Using Asset Import Pipeline V2.
Refreshing native plugins compatible for Editor in 103.63 ms, found 2 plugins.
Preloading 0 native plugins for Editor in 0.00 ms.
Initialize engine version: 2020.3.26f1 (7298b473bc1a)
[Subsystems] Discovering subsystems at path C:/Program Files/Unity/Hub/Editor/2020.3.26f1/Editor/Data/Resources/UnitySubsystems
[Subsystems] Discovering subsystems at path C:/Users/cuted/Documents/GitHub/Puzzle_Game/MissionDemolition-Unity/Assets
GfxDevice: creating device client; threaded=0
Direct3D:
    Version:  Direct3D 11.0 [level 11.1]
    Renderer: Intel(R) Iris(R) Plus Graphics (ID=0x8a5a)
    Vendor:   
    VRAM:     3889 MB
    Driver:   27.20.100.9621
Initialize mono
Mono path[0] = 'C:/Program Files/Unity/Hub/Editor/2020.3.26f1/Editor/Data/Managed'
Mono path[1] = 'C:/Program Files/Unity/Hub/Editor/2020.3.26f1/Editor/Data/MonoBleedingEdge/lib/mono/unityjit'
Mono config path = 'C:/Program Files/Unity/Hub/Editor/2020.3.26f1/Editor/Data/MonoBleedingEdge/etc'
Using monoOptions --debugger-agent=transport=dt_socket,embedding=1,server=y,suspend=n,address=127.0.0.1:56888
Begin MonoManager ReloadAssembly
Registering precompiled unity dll's ...
Register platform support module: C:/Program Files/Unity/Hub/Editor/2020.3.26f1/Editor/Data/PlaybackEngines/WebGLSupport/UnityEditor.WebGL.Extensions.dll
Register platform support module: C:/Program Files/Unity/Hub/Editor/2020.3.26f1/Editor/Data/PlaybackEngines/WindowsStandaloneSupport/UnityEditor.WindowsStandalone.Extensions.dll
Registered in 0.009995 seconds.
Native extension for WindowsStandalone target not found
Native extension for WebGL target not found
Refreshing native plugins compatible for Editor in 108.82 ms, found 2 plugins.
Preloading 0 native plugins for Editor in 0.00 ms.
Mono: successfully reloaded assembly
- Completed reload, in  1.934 seconds
Domain Reload Profiling:
	ReloadAssembly (1934ms)
		BeginReloadAssembly (165ms)
			ExecutionOrderSort (0ms)
			DisableScriptedObjects (0ms)
			BackupInstance (0ms)
			ReleaseScriptingObjects (0ms)
			CreateAndSetChildDomain (2ms)
		EndReloadAssembly (1512ms)
			LoadAssemblies (162ms)
			RebuildTransferFunctionScriptingTraits (0ms)
			SetupTypeCache (492ms)
			ReleaseScriptCaches (0ms)
			RebuildScriptCaches (119ms)
			SetupLoadedEditorAssemblies (551ms)
				LogAssemblyErrors (0ms)
				InitializePlatformSupportModulesInManaged (16ms)
				SetLoadedEditorAssemblies (1ms)
				RefreshPlugins (109ms)
				BeforeProcessingInitializeOnLoad (31ms)
				ProcessInitializeOnLoadAttributes (305ms)
				ProcessInitializeOnLoadMethodAttributes (88ms)
				AfterProcessingInitializeOnLoad (0ms)
				EditorAssembliesLoaded (1ms)
			ExecutionOrderSort2 (0ms)
			AwakeInstancesAfterBackupRestoration (0ms)
Platform modules already initialized, skipping
Registering precompiled user dll's ...
Registered in 0.024700 seconds.
Begin MonoManager ReloadAssembly
Native extension for WindowsStandalone target not found
Native extension for WebGL target not found
Refreshing native plugins compatible for Editor in 0.80 ms, found 2 plugins.
Preloading 0 native plugins for Editor in 0.00 ms.
Mono: successfully reloaded assembly
- Completed reload, in  3.205 seconds
Domain Reload Profiling:
	ReloadAssembly (3207ms)
		BeginReloadAssembly (424ms)
			ExecutionOrderSort (0ms)
			DisableScriptedObjects (14ms)
			BackupInstance (0ms)
			ReleaseScriptingObjects (0ms)
			CreateAndSetChildDomain (45ms)
		EndReloadAssembly (2592ms)
			LoadAssemblies (312ms)
			RebuildTransferFunctionScriptingTraits (0ms)
			SetupTypeCache (852ms)
			ReleaseScriptCaches (1ms)
			RebuildScriptCaches (145ms)
			SetupLoadedEditorAssemblies (963ms)
				LogAssemblyErrors (0ms)
				InitializePlatformSupportModulesInManaged (16ms)
				SetLoadedEditorAssemblies (1ms)
				RefreshPlugins (1ms)
				BeforeProcessingInitializeOnLoad (175ms)
				ProcessInitializeOnLoadAttributes (717ms)
				ProcessInitializeOnLoadMethodAttributes (36ms)
				AfterProcessingInitializeOnLoad (16ms)
				EditorAssembliesLoaded (1ms)
			ExecutionOrderSort2 (0ms)
			AwakeInstancesAfterBackupRestoration (19ms)
Platform modules already initialized, skipping
========================================================================
Worker process is ready to serve import requests
Launched and connected shader compiler UnityShaderCompiler.exe after 0.18 seconds
Refreshing native plugins compatible for Editor in 0.71 ms, found 2 plugins.
Preloading 0 native plugins for Editor in 0.00 ms.
Unloading 1503 Unused Serialized files (Serialized files now loaded: 0)
System memory in use before: 67.5 MB.
System memory in use after: 67.6 MB.

Unloading 19 unused Assets to reduce memory usage. Loaded Objects now: 1935.
Total: 4.214700 ms (FindLiveObjects: 0.218600 ms CreateObjectMapping: 0.093400 ms MarkObjects: 3.790000 ms  DeleteObjects: 0.111100 ms)

AssetImportParameters requested are different than current active one (requested -> active):
  custom:framework-win-MediaFoundation: 216162199b28c13a410421893ffa2e32 -> 
  custom:video-decoder-ogg-theora: a1e56fd34408186e4bbccfd4996cb3dc -> 
  custom:container-muxer-webm: aa71ff27fc2769a1b78a27578f13a17b -> 
  custom:container-demuxer-webm: 4f35f7cbe854078d1ac9338744f61a02 -> 
  custom:container-demuxer-ogg: 62fdf1f143b41e24485cea50d1cbac27 -> 
  custom:video-encoder-webm-vp8: eb34c28f22e8b96e1ab97ce403110664 -> 
  custom:video-codec-MediaFoundation-h265: 746d11721c4dcdbdad8f713fa42b33f4 -> 
  custom:video-decoder-webm-vp8: 9c59270c3fd7afecdb556c50c9e8de78 -> 
  custom:audio-decoder-ogg-vorbis: bf7c407c2cedff20999df2af8eb42d56 -> 
  custom:audio-encoder-webm-vorbis: bf7c407c2cedff20999df2af8eb42d56 -> 
========================================================================
Received Import Request.
  path: Assets
  artifactKey: Guid(00000000000000001000000000000000) Importer(815301076,1909f56bfc062723c751e8b465ee728b)
Start importing Assets using Guid(00000000000000001000000000000000) Importer(815301076,1909f56bfc062723c751e8b465ee728b)  -> (artifact id: '42d402b061de3733987d63b9cc3b64de') in 0.023653 seconds 
  Import took 0.030431 seconds .

========================================================================
Received Import Request.
  Time since last request: 12.804247 seconds.
  path: Assets/New Folder
  artifactKey: Guid(2662c44c2536eda44a1c4e4e5822c7d9) Importer(815301076,1909f56bfc062723c751e8b465ee728b)
Start importing Assets/New Folder using Guid(2662c44c2536eda44a1c4e4e5822c7d9) Importer(815301076,1909f56bfc062723c751e8b465ee728b)  -> (artifact id: '0e5e392b43b624f658f92a70f0a148ad') in 0.023497 seconds 
  Import took 0.032332 seconds .

========================================================================
Received Import Request.
  Time since last request: 10.180345 seconds.
  path: Assets/Prefabs
  artifactKey: Guid(2662c44c2536eda44a1c4e4e5822c7d9) Importer(815301076,1909f56bfc062723c751e8b465ee728b)
Start importing Assets/Prefabs using Guid(2662c44c2536eda44a1c4e4e5822c7d9) Importer(815301076,1909f56bfc062723c751e8b465ee728b)  -> (artifact id: '327371fcde58bfa0c5000341b2a16b68') in 0.028150 seconds 
  Import took 0.036777 seconds .

========================================================================
Received Import Request.
  Time since last request: 24.241044 seconds.
  path: Assets/Scripts
  artifactKey: Guid(ca4b2391bc607414fbae85639d2cd5f6) Importer(815301076,1909f56bfc062723c751e8b465ee728b)
Start importing Assets/Scripts using Guid(ca4b2391bc607414fbae85639d2cd5f6) Importer(815301076,1909f56bfc062723c751e8b465ee728b)  -> (artifact id: 'bc4a27c46ca57c4151592b4238461a0d') in 0.021267 seconds 
  Import took 0.030635 seconds .

========================================================================
Received Import Request.
  Time since last request: 92.476379 seconds.
  path: Assets/Materials
  artifactKey: Guid(5c7c10c6c6ab847469e58d8c38ed4b25) Importer(815301076,1909f56bfc062723c751e8b465ee728b)
Start importing Assets/Materials using Guid(5c7c10c6c6ab847469e58d8c38ed4b25) Importer(815301076,1909f56bfc062723c751e8b465ee728b)  -> (artifact id: '2263e28b060a6d7b137ce369da4b31a7') in 0.012658 seconds 
  Import took 0.019053 seconds .

========================================================================
Received Import Request.
  Time since last request: 30.254810 seconds.
  path: Assets/Materials/New Material.mat
  artifactKey: Guid(5874c2c27693e5949ac6db4916e7746c) Importer(815301076,1909f56bfc062723c751e8b465ee728b)
Start importing Assets/Materials/New Material.mat using Guid(5874c2c27693e5949ac6db4916e7746c) Importer(815301076,1909f56bfc062723c751e8b465ee728b)  -> (artifact id: '181e2756c705e49b10834f7b6e02b986') in 0.395408 seconds 
  Import took 0.403581 seconds .

========================================================================
Received Import Request.
  Time since last request: 87.995124 seconds.
  path: Assets/Materials/Mat_Ground.mat
  artifactKey: Guid(5874c2c27693e5949ac6db4916e7746c) Importer(815301076,1909f56bfc062723c751e8b465ee728b)
Start importing Assets/Materials/Mat_Ground.mat using Guid(5874c2c27693e5949ac6db4916e7746c) Importer(815301076,1909f56bfc062723c751e8b465ee728b)  -> (artifact id: '4b1d2f646a9a24f345c3a4f25397966c') in 0.051433 seconds 
  Import took 0.063254 seconds .

========================================================================
Received Import Request.
  Time since last request: 270.576766 seconds.
  path: Assets/Materials/New Material.mat
  artifactKey: Guid(dc9b0784504624342bc844d6803d76f6) Importer(815301076,1909f56bfc062723c751e8b465ee728b)
Start importing Assets/Materials/New Material.mat using Guid(dc9b0784504624342bc844d6803d76f6) Importer(815301076,1909f56bfc062723c751e8b465ee728b)  -> (artifact id: '26067436d495cfd0f4ff80f414ea7c83') in 0.059417 seconds 
  Import took 0.069543 seconds .

========================================================================
Received Import Request.
  Time since last request: 72.917378 seconds.
  path: Assets/Materials/Mat_Slingshot.mat
  artifactKey: Guid(dc9b0784504624342bc844d6803d76f6) Importer(815301076,1909f56bfc062723c751e8b465ee728b)
Start importing Assets/Materials/Mat_Slingshot.mat using Guid(dc9b0784504624342bc844d6803d76f6) Importer(815301076,1909f56bfc062723c751e8b465ee728b)  -> (artifact id: 'c1651fd9042e5ce8a95d0ffec903d06b') in 0.056614 seconds 
  Import took 0.065667 seconds .

========================================================================
Received Import Request.
  Time since last request: 430.895202 seconds.
  path: Assets/Materials/Mat_Projectile.mat
  artifactKey: Guid(e8d34ec1ea08bc448aaaabadd492de06) Importer(815301076,1909f56bfc062723c751e8b465ee728b)
Start importing Assets/Materials/Mat_Projectile.mat using Guid(e8d34ec1ea08bc448aaaabadd492de06) Importer(815301076,1909f56bfc062723c751e8b465ee728b)  -> (artifact id: '9362fbcea77e684c3edd15c09dc577fe') in 0.060220 seconds 
  Import took 0.070811 seconds .

========================================================================
Received Import Request.
  Time since last request: 30.064133 seconds.
  path: Assets/Prefabs/Projectile.prefab
  artifactKey: Guid(83c3b7173f0ddb048ab893dbe4e0d60f) Importer(815301076,1909f56bfc062723c751e8b465ee728b)
Start importing Assets/Prefabs/Projectile.prefab using Guid(83c3b7173f0ddb048ab893dbe4e0d60f) Importer(815301076,1909f56bfc062723c751e8b465ee728b)  -> (artifact id: '243089a949717f63ebb1713f7c84404d') in 0.080698 seconds 
  Import took 0.088061 seconds .

AssetImportWorkerClient::OnTransportError - code=2 error=End of file
